\BOOKMARK [1][-]{section.1}{\376\377\0001\000.\000\040\225\356\230\230\221\315\217\360}{}% 1
\BOOKMARK [2][-]{subsection.1.1}{\376\377\0001\000.\0001\000\040\225\356\230\230\200\314\146\157}{section.1}% 2
\BOOKMARK [2][-]{subsection.1.2}{\376\377\0001\000.\0002\000\040\225\356\230\230\143\320\121\372}{section.1}% 3
\BOOKMARK [1][-]{section.2}{\376\377\0002\000.\000\040\200\314\146\157\226\020\217\360\060\001\152\041\127\213\124\010\164\006\120\107\213\276\116\345\123\312\173\046\123\367\213\364\146\016}{}% 4
\BOOKMARK [2][-]{subsection.2.1}{\376\377\0002\000.\0001\000\040\200\314\146\157\226\020\217\360}{section.2}% 5
\BOOKMARK [2][-]{subsection.2.2}{\376\377\0002\000.\0002\000\040\152\041\127\213\124\010\164\006\120\107\213\276}{section.2}% 6
\BOOKMARK [2][-]{subsection.2.3}{\376\377\0002\000.\0003\000\040\173\046\123\367\213\364\146\016}{section.2}% 7
\BOOKMARK [1][-]{section.3}{\376\377\0003\000.\000\040\225\356\230\230\166\204\122\006\147\220}{}% 8
\BOOKMARK [2][-]{subsection.3.1}{\376\377\0003\000.\0001\000\040\225\356\230\230\116\000\377\032\220\032\217\307\176\331\133\232\154\141\147\323\162\151\145\160\143\156\213\241\173\227\137\123\145\345\166\204\000A\000Q\000I\143\007\145\160}{section.3}% 9
\BOOKMARK [3][-]{subsubsection.3.1.1}{\376\377\0003\000.\0001\000.\0001\000\040\000A\000Q\000I\143\007\145\160\213\241\173\227\145\271\137\017\116\016\166\370\121\163\200\314\146\157}{subsection.3.1}% 10
\BOOKMARK [3][-]{subsubsection.3.1.2}{\376\377\0003\000.\0001\000.\0002\000\040\137\353\220\037\154\102\211\343\000A\000Q\000I\143\007\145\160\173\227\154\325\123\312\133\371\136\224\176\323\147\234}{subsection.3.1}% 11
\BOOKMARK [2][-]{subsection.3.2}{\376\377\0003\000.\0002\000\040\225\356\230\230\116\214\377\032\150\071\143\156\133\371\154\141\147\323\162\151\155\123\136\246\166\204\137\161\124\315\172\013\136\246\377\014\133\371\154\024\214\141\147\141\116\366\217\333\210\114\122\006\174\173}{section.3}% 12
\BOOKMARK [3][-]{subsubsection.3.2.1}{\376\377\0003\000.\0002\000.\0001\000\040\225\356\230\230\122\006\147\220\116\016\145\160\143\156\230\204\131\004\164\006}{subsection.3.2}% 13
\BOOKMARK [3][-]{subsubsection.3.2.2}{\376\377\0003\000.\0002\000.\0002\000\040\152\041\127\213\136\372\172\313\060\001\154\102\211\343\116\016\232\214\213\301}{subsection.3.2}% 14
\BOOKMARK [3][-]{subsubsection.3.2.3}{\376\377\0003\000.\0002\000.\0003\000\040\152\041\127\213\176\323\147\234\137\122\176\263}{subsection.3.2}% 15
\BOOKMARK [2][-]{subsection.3.3}{\376\377\0003\000.\0003\000\040\225\356\230\230\116\011\377\032\117\235\143\156\116\000\153\041\230\204\142\245\145\160\143\156\124\214\133\236\155\113\145\160\143\156\136\372\172\313\116\214\153\041\230\204\142\245\152\041\127\213}{section.3}% 16
\BOOKMARK [3][-]{subsubsection.3.3.1}{\376\377\0003\000.\0003\000.\0001\000\040\225\356\230\230\143\317\217\360\124\214\122\006\147\220}{subsection.3.3}% 17
\BOOKMARK [3][-]{subsubsection.3.3.2}{\376\377\0003\000.\0003\000.\0002\000\040\145\160\143\156\230\204\131\004\164\006}{subsection.3.3}% 18
\BOOKMARK [3][-]{subsubsection.3.3.3}{\376\377\0003\000.\0003\000.\0003\000\040\152\041\127\213\136\372\172\313\116\016\154\102\211\343}{subsection.3.3}% 19
\BOOKMARK [3][-]{subsubsection.3.3.4}{\376\377\0003\000.\0003\000.\0004\000\040\152\041\127\213\213\304\117\060}{subsection.3.3}% 20
\BOOKMARK [2][-]{subsection.3.4}{\376\377\0003\000.\0004\000\040\225\356\230\230\126\333\377\032\136\372\172\313\123\072\127\337\123\117\124\014\152\041\127\213\143\320\232\330\230\204\155\113\174\276\136\246}{section.3}% 21
\BOOKMARK [3][-]{subsubsection.3.4.1}{\376\377\0003\000.\0004\000.\0001\000\040\225\356\230\230\143\317\217\360\124\214\122\006\147\220}{subsection.3.4}% 22
\BOOKMARK [3][-]{subsubsection.3.4.2}{\376\377\0003\000.\0004\000.\0002\000\040\145\160\143\156\230\204\131\004\164\006}{subsection.3.4}% 23
